<?xml version="1.0" encoding="UTF-8"?>
<!-- Generated by org.testng.reporters.JUnitReportReporter -->
<testsuite hostname="Gowtham" failures="0" tests="1" name="com.satwa.tests.CreateCompany" time="15.931" errors="0" timestamp="2023-12-25T15:49:20 IST" skipped="0">
  <testcase classname="com.satwa.tests.CreateCompany" name="CreateCompany01_createNewCompanyWithPublicStatus" time="15.931"/>
  <system-out/>
</testsuite> <!-- com.satwa.tests.CreateCompany -->
