<?xml version="1.0" encoding="UTF-8"?>
<!-- Generated by org.testng.reporters.JUnitReportReporter -->
<testsuite hostname="Gowtham" failures="0" tests="1" name="com.satwa.tests.CreateEmployee" time="25.084" errors="0" timestamp="2024-01-01T21:31:47 IST" skipped="0">
  <testcase classname="com.satwa.tests.CreateEmployee" name="AddEmployee01_AddEmployeeWithUsernameAndPassword" time="25.084"/>
  <system-out/>
</testsuite> <!-- com.satwa.tests.CreateEmployee -->
