<?xml version="1.0" encoding="UTF-8"?>
<!-- Generated by org.testng.reporters.JUnitReportReporter -->
<testsuite hostname="Gowtham" failures="0" tests="1" name="com.satwa.tests.CreateEmployee" time="25.086" errors="0" timestamp="2023-12-27T12:06:10 IST" skipped="0">
  <testcase classname="com.satwa.tests.CreateEmployee" name="AddEmployee01_AddEmployeeWithUsernameAndPassword" time="25.086"/>
  <system-out/>
</testsuite> <!-- com.satwa.tests.CreateEmployee -->
