<?xml version="1.0" encoding="UTF-8"?>
<!-- Generated by org.testng.reporters.JUnitReportReporter -->
<testsuite hostname="Gowtham" failures="0" tests="1" name="com.satwa.tests.CreateEmployee" time="20.580" errors="0" timestamp="2023-12-26T09:10:26 IST" skipped="0">
  <testcase classname="com.satwa.tests.CreateEmployee" name="AddEmployee01_AddEmployeeWithUsernameAndPassword" time="20.580"/>
  <system-out/>
</testsuite> <!-- com.satwa.tests.CreateEmployee -->
